<?xml version="1.0" encoding="UTF-8"?>
<!-- Generated by org.testng.reporters.JUnitReportReporter -->
<testsuite hostname="DESKTOP-B149VTN" failures="0" tests="1" name="com.flipkart.testcases.LoginTest" time="104.371" errors="0" timestamp="2022-09-04T20:05:58 IST" skipped="0">
  <testcase classname="com.flipkart.testcases.LoginTest" name="LoginPageTest" time="104.371"/>
  <system-out/>
</testsuite> <!-- com.flipkart.testcases.LoginTest -->
